#-----------------------------------------------------------
# Vivado v2018.2 (64-bit)
# SW Build 2258646 on Thu Jun 14 20:03:12 MDT 2018
# IP Build 2256618 on Thu Jun 14 22:10:49 MDT 2018
# Start of session at: Mon Mar 23 20:34:28 2020
# Process ID: 35500
# Current directory: C:/Users/mylen/Documents/UFPB/INP/projet_numerique/num
# Command line: vivado.exe -gui_launcher_event rodinguilauncherevent23140 C:\Users\mylen\Documents\UFPB\INP\projet_numerique\num\num.xpr
# Log file: C:/Users/mylen/Documents/UFPB/INP/projet_numerique/num/vivado.log
# Journal file: C:/Users/mylen/Documents/UFPB/INP/projet_numerique/num\vivado.jou
#-----------------------------------------------------------
start_gui
open_project C:/Users/mylen/Documents/UFPB/INP/projet_numerique/num/num.xpr
INFO: [Project 1-313] Project file moved from 'D:/num' since last save.
Scanning sources...
Finished scanning sources
INFO: [IP_Flow 19-234] Refreshing IP repositories
INFO: [IP_Flow 19-1704] No user IP repositories specified
INFO: [IP_Flow 19-2313] Loaded Vivado IP repository 'C:/Xilinx/Vivado/2018.2/data/ip'.
open_project: Time (s): cpu = 00:00:13 ; elapsed = 00:00:27 . Memory (MB): peak = 742.961 ; gain = 100.902
update_compile_order -fileset sources_1
exit
INFO: [Common 17-206] Exiting Vivado at Mon Mar 23 20:42:43 2020...
