#-----------------------------------------------------------
# Vivado v2018.2 (64-bit)
# SW Build 2258646 on Thu Jun 14 20:03:12 MDT 2018
# IP Build 2256618 on Thu Jun 14 22:10:49 MDT 2018
# Start of session at: Tue Mar 17 10:24:07 2020
# Process ID: 3180
# Current directory: C:/Users/mylen/Documents/UFPB/INP/architecture/projet_machineEtat/project_machineEtat
# Command line: vivado.exe -gui_launcher_event rodinguilauncherevent16984 C:\Users\mylen\Documents\UFPB\INP\architecture\projet_machineEtat\project_machineEtat\project_machineEtat.xpr
# Log file: C:/Users/mylen/Documents/UFPB/INP/architecture/projet_machineEtat/project_machineEtat/vivado.log
# Journal file: C:/Users/mylen/Documents/UFPB/INP/architecture/projet_machineEtat/project_machineEtat\vivado.jou
#-----------------------------------------------------------
start_gui
open_project C:/Users/mylen/Documents/UFPB/INP/architecture/projet_machineEtat/project_machineEtat/project_machineEtat.xpr
INFO: [ProjectBase 1-489] The host OS only allows 260 characters in a normal path. The project is stored in a path with more than 80 characters. If you experience issues with IP, Block Designs, or files not being found, please consider moving the project to a location with a shorter path. Alternately consider using the OS subst command to map part of the path to a drive letter.
Current project path is 'C:/Users/mylen/Documents/UFPB/INP/architecture/projet_machineEtat/project_machineEtat'
INFO: [Project 1-313] Project file moved from 'C:/Users/mylen/Desktop/projet_machineEtat/project_machineEtat' since last save.
Scanning sources...
Finished scanning sources
INFO: [IP_Flow 19-234] Refreshing IP repositories
INFO: [IP_Flow 19-1704] No user IP repositories specified
INFO: [IP_Flow 19-2313] Loaded Vivado IP repository 'C:/Xilinx/Vivado/2018.2/data/ip'.
open_project: Time (s): cpu = 00:00:12 ; elapsed = 00:00:23 . Memory (MB): peak = 759.145 ; gain = 79.145
update_compile_order -fileset sources_1
exit
INFO: [Common 17-206] Exiting Vivado at Tue Mar 17 11:08:31 2020...
